total 104K
drwxr-xr-x   1 root root 4.0K Sep 27 16:41 .
drwxr-xr-x   1 root root 4.0K Sep 27 16:41 ..
-rwxr-xr-x   1 root root    0 Sep 27 16:41 .dockerenv
-rw-r--r--   1 root root  12K Apr  2 18:39 anaconda-post.log
-rwxr-xr-x   1 root root  182 Jan  1  1970 apply.sh
lrwxrwxrwx   1 root root    7 Apr  2 18:38 bin -> usr/bin
drwxr-xr-x  10 root root 2.8K Sep 27 16:41 dev
drwxr-xr-x   1 root root 4.0K Sep 27 16:41 etc
drwxr-xr-x   2 root root 4.0K Nov  5  2016 home
-rw-r--r--   1 root root 5.6K Jan  1  1970 kubeconfig.kubeconfig
lrwxrwxrwx   1 root root    7 Apr  2 18:38 lib -> usr/lib
lrwxrwxrwx   1 root root    9 Apr  2 18:38 lib64 -> usr/lib64
-rw-r--r--   1 root root  22K Jan  1  1970 list.yaml
drwxr-xr-x   2 root root 4.0K Nov  5  2016 media
drwxr-xr-x   2 root root 4.0K Nov  5  2016 mnt
-rw-r--r--   1 root root    9 Jan  1  1970 namespace-file
drwxr-xr-x   2 root root 4.0K Nov  5  2016 opt
dr-xr-xr-x 291 root root    0 Sep 27 16:39 proc
dr-xr-x---   2 root root 4.0K Apr  2 18:39 root
drwxr-xr-x   1 root root 4.0K May  3 19:15 run
lrwxrwxrwx   1 root root    8 Apr  2 18:38 sbin -> usr/sbin
drwxr-xr-x   1 root root 4.0K May  3 19:14 srv
dr-xr-xr-x  13 root root    0 Sep 27 16:41 sys
drwxrwxrwt   1 root root 4.0K May  3 19:15 tmp
drwxr-xr-x   1 root root 4.0K Apr  2 18:38 usr
drwxr-xr-x   1 root root 4.0K Apr  2 18:38 var
template.template.openshift.io "django-psql-persistent" created
